*** ENVIRONMENT CRASH ***

Date: Mar 21 2013 7:38 PM

File Name: C:\Program Files\Ready to Program\Ready.exe
Version: 1.7.1  [11]
File Size: 2908199
File Date: Oct 7 2003 3:57 PM
Operating System: After Windows XP
JVM: Ready Built-in JRE (1.4.2 or later)
"assert" Statements: disabled


Cause of Crash: Access Violation

Previous Operations:
  CMD: WM_ACTIVATE (W)
    Jikes compiling Applet1
    Jikes: Found 11 semantic errors compiling "C:/Users/User/Documents/School/Grade 11/Gr. 12 Com Sci/Applet assignment/Applet1.java":
    Find Next Error (1) - Text: 1404ba - Activate: 1
    Set Selection (1) - Text: 7761d8 - L: 114 - C: 12
    Text - sz:219:6451 - slFr:28:0:1433 - slTo:28:0:1433 - nlA:0
    Line Starts: 216:6447 217:6449 218:6450 219:6451
    Set Selection (2) - sz:219:6451 - slFr:3926 - slTo:3926 - nlA:0
    Line Starts: 216:6447 217:6449 218:6450 219:6451
    Goto Error - sz:219:6451 - slFr:3926 - slTo:3926 - nlA:0
  CMD: WM_ACTIVATE (W)
  CMD: WM_ACTIVATE (W)
  CMD: WM_INITMENU (W)
  CMD: COMMAND_UNDO
    Undo (1) - Text: 7761d8 - Undo: 1
    Text - sz:219:6451 - slFr:114:12:3926 - slTo:114:12:3926 - nlA:0
    Line Starts: 216:6447 217:6449 218:6450 219:6451
    Undo (2) - Undo size: 6455 - Repl from: 0 - Repl to: 6451
    Delete Selection (1) - Text: 7761d8
    Text - sz:219:6451 - slFr:114:12:0 - slTo:114:12:6451 - nlA:0
    Line Starts: 216:6447 217:6449 218:6450 219:6451
    Delete Selection (2) - From line: 114 - From col: 12 - To line: 114 - To col: 12
    Delete Selection (3) - sz:0:0 - slFr:0 - slTo:0 - nlA:0
    Line Starts: 0:0
    Insert Text (1) - Text: 7761d8 - size: 6455 - clean: 1
    Text - sz:0:0 - slFr:0 - slTo:0 - nlA:0
    Line Starts: 0:0
    Insert Text (2) - numNewLines: 219
    Insert Text (3) - sz:219:6455 - slFr:6455 - slTo:6455 - nlA:0
    Line Starts: 216:6451 217:6453 218:6454 219:6455
    Undo (3) - sz:219:6455 - slFr:1437 - slTo:1437 - nlA:0
    Line Starts: 216:6451 217:6453 218:6454 219:6455
  CMD: WM_INITMENU (W)
  CMD: COMMAND_UNDO
    Undo (1) - Text: 7761d8 - Undo: 1
    Text - sz:219:6455 - slFr:28:4:1437 - slTo:28:4:1437 - nlA:0
    Line Starts: 216:6451 217:6453 218:6454 219:6455
    Undo (2) - Undo size: 1 - Repl from: 1431 - Repl to: 1437
    Delete Selection (1) - Text: 7761d8
    Text - sz:219:6455 - slFr:28:4:1431 - slTo:28:4:1437 - nlA:0
    Line Starts: 216:6451 217:6453 218:6454 219:6455
    Delete Selection (2) - From line: 28 - From col: 4 - To line: 28 - To col: 4
    Delete Selection (3) - sz:218:6449 - slFr:1431 - slTo:1431 - nlA:0
    Line Starts: 215:6445 216:6447 217:6448 218:6449
    Insert Text (1) - Text: 7761d8 - size: 1 - clean: 1
    Text - sz:218:6449 - slFr:1431 - slTo:1431 - nlA:0
    Line Starts: 215:6445 216:6447 217:6448 218:6449
    Insert Text (2) - numNewLines: 0
    Insert Text (3) - sz:218:6450 - slFr:1432 - slTo:1432 - nlA:0
    Line Starts: 215:6446 216:6448 217:6449 218:6450
    Undo (3) - sz:218:6450 - slFr:1432 - slTo:1432 - nlA:0
    Line Starts: 215:6446 216:6448 217:6449 218:6450
  CMD: WM_INITMENU (W)
  CMD: COMMAND_UNDO
    Undo (1) - Text: 7761d8 - Undo: 1
    Text - sz:218:6450 - slFr:27:25:1432 - slTo:27:25:1432 - nlA:0
    Line Starts: 215:6446 216:6448 217:6449 218:6450
    Undo (2) - Undo size: 0 - Repl from: 1419 - Repl to: 1432
    Delete Selection (1) - Text: 7761d8
    Text - sz:218:6450 - slFr:27:25:1419 - slTo:27:25:1432 - nlA:0
    Line Starts: 215:6446 216:6448 217:6449 218:6450
    Delete Selection (2) - From line: 27 - From col: 25 - To line: 27 - To col: 25
    Delete Selection (3) - sz:218:6437 - slFr:1419 - slTo:1419 - nlA:0
    Line Starts: 215:6433 216:6435 217:6436 218:6437
    Undo (3) - sz:218:6437 - slFr:1419 - slTo:1419 - nlA:0
    Line Starts: 215:6433 216:6435 217:6436 218:6437
  CMD: WM_INITMENU (W)
  CMD: COMMAND_UNDO
    Undo (1) - Text: 7761d8 - Undo: 1
    Text - sz:218:6437 - slFr:27:12:1419 - slTo:27:12:1419 - nlA:0
    Line Starts: 215:6433 216:6435 217:6436 218:6437
    Undo (2) - Undo size: 0 - Repl from: 1407 - Repl to: 1419
    Delete Selection (1) - Text: 7761d8
    Text - sz:218:6437 - slFr:27:12:1407 - slTo:27:12:1419 - nlA:0
    Line Starts: 215:6433 216:6435 217:6436 218:6437
    Delete Selection (2) - From line: 27 - From col: 12 - To line: 27 - To col: 12
    Delete Selection (3) - sz:218:6425 - slFr:1407 - slTo:1407 - nlA:0
    Line Starts: 215:6421 216:6423 217:6424 218:6425
    Undo (3) - sz:218:6425 - slFr:1407 - slTo:1407 - nlA:0
    Line Starts: 215:6421 216:6423 217:6424 218:6425
  CMD: WM_INITMENU (W)
  CMD: COMMAND_UNDO
    Undo (1) - Text: 7761d8 - Undo: 1
    Text - sz:218:6425 - slFr:27:0:1407 - slTo:27:0:1407 - nlA:0
    Line Starts: 215:6421 216:6423 217:6424 218:6425
    Undo (2) - Undo size: 14 - Repl from: 1396 - Repl to: 1396
    Insert Text (1) - Text: 7761d8 - size: 14 - clean: 1
    Text - sz:218:6425 - slFr:27:0:1396 - slTo:27:0:1396 - nlA:0
    Line Starts: 215:6421 216:6423 217:6424 218:6425
    Insert Text (2) - numNewLines: 0
    Insert Text (3) - sz:218:6439 - slFr:1410 - slTo:1410 - nlA:0
    Line Starts: 215:6435 216:6437 217:6438 218:6439
    Undo (3) - sz:218:6439 - slFr:1397 - slTo:1410 - nlA:0
    Line Starts: 215:6435 216:6437 217:6438 218:6439
  CMD: WM_CONTEXTMENU (D)
  CMD: WM_LBUTTONDOWN (D)
    Set Selection (1) - Text: 7761d8 - L: 114 - C: 18
    Text - sz:218:6439 - slFr:26:18:1397 - slTo:26:31:1410 - nlA:0
    Line Starts: 215:6435 216:6437 217:6438 218:6439
    Set Selection (2) - sz:218:6439 - slFr:3993 - slTo:3993 - nlA:0
    Line Starts: 215:6435 216:6437 217:6438 218:6439
    Extend Selection - Text: 7761d8 - L: 114 - C: 18 (x1)
    Text - sz:218:6439 - slFr:114:9:3993 - slTo:114:9:3993 - nlA:0
    Line Starts: 215:6435 216:6437 217:6438 218:6439
  CMD: WM_LBUTTONUP (D)
    Extend Selection - Text: 7761d8 - L: 114 - C: 18 (x1)
    Text - sz:218:6439 - slFr:3993 - slTo:3993 - nlA:0
    Line Starts: 215:6435 216:6437 217:6438 218:6439
  CMD: WM_LBUTTONDOWN (D)
    Set Selection (1) - Text: 7761d8 - L: 113 - C: 18
    Text - sz:218:6439 - slFr:3993 - slTo:3993 - nlA:0
    Line Starts: 215:6435 216:6437 217:6438 218:6439
    Set Selection (2) - sz:218:6439 - slFr:3920 - slTo:3920 - nlA:0
    Line Starts: 215:6435 216:6437 217:6438 218:6439
    Extend Selection - Text: 7761d8 - L: 113 - C: 37 (x69)
    Text - sz:218:6439 - slFr:3920 - slTo:3939 - nlA:0
    Line Starts: 215:6435 216:6437 217:6438 218:6439
  CMD: WM_LBUTTONUP (D)
    Extend Selection - Text: 7761d8 - L: 113 - C: 37 (x1)
    Text - sz:218:6439 - slFr:3920 - slTo:3939 - nlA:0
    Line Starts: 215:6435 216:6437 217:6438 218:6439
  CMD: WM_ACTIVATE (W)
  CMD: WM_ACTIVATE (W)
  CMD: WM_INITMENU (W)
  CMD: COMMAND_SAVEAS_FILE
    Save File (1) - Window: 1404ba - SaveAs: 1 - Sel: 0 - fileno: 0 - sizeptr: 0
  CMD: WM_ACTIVATE (W)
  CMD: WM_ACTIVATE (W)
    Save File (2) - name: C:\Users\User\Documents\School\Grade 11\Gr. 12 Com Sci\Applet assignment\Applet1.java - fileno: 0 - sizeptr: 0
  CMD: WM_CLOSE (W)
  CMD: WM_ACTIVATE (W)
  CMD: WM_DESTROY (W)
  CMD: WM_DESTROY (D)
  CMD: WM_ACTIVATE (W)
  CMD: WM_ACTIVATE (W)
  CMD: WM_ACTIVATE (W)
  CMD: WM_SETFOCUS (W)
  CMD: WM_ACTIVATE (W)
  CMD: WM_ACTIVATE (W)
  CMD: WM_ACTIVATE (W)
  CMD: WM_ACTIVATE (W)
    Create File (W1) - Name: C:\Users\User\Documents\School\Grade 11\Gr. 12 Com Sci\Applet assignment\Applet1.java - Skel: 0
  CMD: WM_CREATE (W)
  CMD: WM_CREATE (D)
  CMD: WM_ACTIVATE (W)
  CMD: WM_ACTIVATE (W)
    Open File (1) - Window: 50660 - Name: C:\Users\User\Documents\School\Grade 11\Gr. 12 Com Sci\Applet assignment\Applet1.java
    Set New Text (1) - Text: 7438118 - size: 5565
    Set New Text (2) - sz:218:6439 - slFr:0 - slTo:0 - nlA:0
    Line Starts: 215:6435 216:6437 217:6438 218:6439


Registers
  EAX=00000000  EBX=00000000  ECX=00000000  EDX=077D0BA8  ESI=00000061
  EDI=0012BF38  EBP=0012B714  ESP=0012B6EC  EIP=00414B1E  FLG=00010202
  CS=001B  DS=0023  SS=0023  ES=0023  FS=003B  GS=0000

Not enough space for modules.

------------------------------------------------------
*** ENVIRONMENT CRASH ***

Date: Mar 23 2013 8:34 PM

File Name: C:\Program Files\Ready to Program\Ready.exe
Version: 1.7.1  [11]
File Size: 2908199
File Date: Oct 7 2003 3:57 PM
Operating System: After Windows XP
JVM: Ready Built-in JRE (1.4.2 or later)
"assert" Statements: disabled


Cause of Crash: Breakpoint Reached

Previous Operations:
    нннннннннннннннннннннннннннннннннннннннннннннннннннннннннннннннннннннннннннннннннннннннннннннннннннннннннннннннннннннннннннннннннннннннннннннннннннннннннннннннннннннннннннннннннннннннннннннннннннннннннннннннннннннннннннннннннннннннннннннннннннннннннннннннннннннннннннннннннннннннннннннннннннннннннннннннннннннннннннннннннннннннннннннннннннннннннннннннннннннннннннннннннннннннннннннннннннннннннннннннннннннннннннннннннннннннннннннннннннннннннннннннннннннннннннннннннннннннннннннннннннннннннннннннннннннннн "F
    ннннннннннннннннннннннннннннннннннннннннннннннннннннннннннннннннннннннннннннннннннннннннннннннннннннннннннннннннннннннннннннннннннннннннннннннннннннннннннннннннннннннннннннннннннннннннннннннннннннннннннннннннннннннннннннннннннннннннннннннннннннннннннннннннннннннннннннннннннннннннннннннннннннннннннннннннннннннннннннннннннннннннннннннннннннннннннннннннннннннннннннннннннннннннннннннннннннннннннннннннннннннннннннннннннннннннннннннннннннннннннннннннннннннннннннннннннннннннннннннннннннннннннннннннннннннннннннннннE
    ннннннннннннннннннннннннннннннннннннннннннннннннннннннннннннннннннннннннннннннннннннннннннннннннннннннннннннннннннннннннннннннннннннннннннннннннннннннннннннннннннннннннннннннннннннннннннннннннннннннннннннннннннннннннннннннннннннннннннннннннннннннннннннннннннннннннннннннннннннннннннннннннннннннннннннннннннннннннннннннннннннннннннннннннннннннннннннннннннннннннннннннннннннннннннннннннннннннннннннннннннннннннннннннннннннннннннннннннннннннннннннннннннннннннннннннннннннннннннннннннннннннннннннннннннннннннннннннннE
    ннннннннннннннннннннннннннннннннннннннннннннннннннннннннннннннннннннннннннннннннннннннннннннннннннннннннннннннннннннннннннннннннннннннннннннннннннннннннннннннннннннннннннннннннннннннннннннннннннннннннннннннннннннннннннннннннннннннннннннннннннннннннннннннннннннннннннннннннннннннннннннннннннннннннннннннннннннннннннннннннннннннннннннннннннннннннннннннннннннннннннннннннннннннннннннннннннннннннннннннннннннннннннннннннннннннннннннннннннннннннннннннннннннннннннннннннннннннннннннннннннннннннннннннннннннннннннннннннE
    нннннннннннннннннннннннннннннннннннннннннннннннннннннннннннннннннннннннннннннннннннннннннннннннннннннннннннннннннннннннннннннннннннннннннннннннннннннннннннннннннннннннннннннннннннннннннннннннннннннннннннннннннннннннннннннннннннннннннннннннннннннннннннннннннннннннннннннннннннннннннннннннннннннннннннннннннннннннннннннннннннннннннннннннннннннннннннннннннннннннннннннннннннннннннннннннннннннннннннннннннннннннннннннннннннннннннннннннннннннннннннннннннннннннннннннннннннннннннннннннннннннннннннннннннннннннн
    нннннннннннннннннннннннннннннннннннннннннннннннннннннннннннннннннннннннннннннннннннннннннннннннннннннннннннннннннннннннннннннннннннннннннннннннннннннннннннннннннннннннннннннннннннннннннннннннннннннннннннннннннннннннннннннннннннннннннннннннннннннннннннннннннннннннннннннннннннннннннннннннннннннннннннннннннннннннннннннннннннннннннннннннннннннннннннннннннннннннннннннннннннннннннннннннннннннннннннннннннннннннннннннннннннннннннннннннннннннннннннннннннннннннннннннннннннннннннннннннннннннннннннннннннннннннн8
    нннннннннннннннннннннннннннннннннннннннннннннннннннннннннннннннннннннннннннннннннннннннннннннннннннннннннннннннннннннннннннннннннннннннннннннннннннннннннннннннннннннннннннннннннннннннннннннннннннннннннннннннннннннннннннннннннннннннннннннннннннннннннннннннннннннннннннннннннннннннннннннннннннннннннннннннннннннннннннннннннннннннннннннннннннннннннннннннннннннннннннннннннннннннннннннннннннннннннннннннннннннннннннннннннннннннннннннннннннннннннннннннннннннннннннннннннннннннннннннннннннннннннннннннннннннннн
    нннннннннннннннннннннннннннннннннннннннннннннннннннннннннннннннннннннннннннннннннннннннннннннннннннннннннннннннннннннннннннннннннннннннннннннннннннннннннннннннннннннннннннннннннннннннннннннннннннннннннннннннннннннннннннннннннннннннннннннннннннннннннннннннннннннннннннннннннннннннннннннннннннннннннннннннннннннннннннннннннннннннннннннннннннннннннннннннннннннннннннннннннннннннннннннннннннннннннннннннннннннннннннннннннннннннннннннннннннннннннннннннннннннннннннннннннннннннннннннннннннннннннннннннннннннннн
    нннннннннннннннннннннннннннннннннннннннннннннннннннннннннннннннннннннннннннннннннннннннннннннннннннннннннннннннннннннннннннннннннннннннннннннннннннннннннннннннннннннннннннннннннннннннннннннннннннннннннннннннннннннннннннннннннннннннннннннннннннннннннннннннннннннннннннннннннннннннннннннннннннннннннннннннннннннннннннннннннннннннннннннннннннннннннннннннннннннннннннннннннннннннннннннннннннннннннннннннннннннннннннннннннннннннннннннннннннннннннннннннннннннннннннннннннннннннннннннннннннннннннннннннннннннннн
    нннннннннннннннннннннннннннннннннннннннннннннннннннннннннннннннннннннннннннннннннннннннннннннннннннннннннннннннннннннннннннннннннннннннннннннннннннннннннннннннннннннннннннннннннннннннннннннннннннннннннннннннннннннннннннннннннннннннннннннннннннннннннннннннннннннннннннннннннннннннннннннннннннннннннннннннннннннннннннннннннннннннннннннннннннннннннннннннннннннннннннннннннннннннннннннннннннннннннннннннннннннннннннннннннннннннннннннннннннннннннннннннннннннннннннннннннннннннннннннннннннннннннннннннннннннннн
    нннннннннннннннннннннннннннннннннннннннннннннннннннннннннннннннннннннннннннннннннннннннннннннннннннннннннннннннннннннннннннннннннннннннннннннннннннннннннннннннннннннннннннннннннннннннннннннннннннннннннннннннннннннннннннннннннннннннннннннннннннннннннннннннннннннннннннннннннннннннннннннннннннннннннннннннннннннннннннннннннннннннннннннннннннннннннннннннннннннннннннннннннннннннннннннннннннннннннннннннннннннннннннннннннннннннннннннннннннннннннннннннннннннннннннннннннннннннннннннннннннннннннннннннннннннннн
    нннннннннннннннннннннннннннннннннннннннннннннннннннннннннннннннннннннннннннннннннннннннннннннннннннннннннннннннннннннннннннннннннннннннннннннннннннннннннннннннннннннннннннннннннннннннннннннннннннннннннннннннннннннннннннннннннннннннннннннннннннннннннннннннннннннннннннннннннннннннннннннннннннннннннннннннннннннннннннннннннннннннннннннннннннннннннннннннннннннннннннннннннннннннннннннннннннннннннннннннннннннннннннннннннннннннннннннннннннннннннннннннннннннннннннннннннннннннннннннннннннннннннннннннннннннннн
    нннннннннннннннннннннннннннннннннннннннннннннннннннннннннннннннннннннннннннннннннннннннннннннннннннннннннннннннннннннннннннннннннннннннннннннннннннннннннннннннннннннннннннннннннннннннннннннннннннннннннннннннннннннннннннннннннннннннннннннннннннннннннннннннннннннннннннннннннннннннннннннннннннннннннннннннннннннннннннннннннннннннннннннннннннннннннннннннннннннннннннннннннннннннннннннннннннннннннннннннннннннннннннннннннннннннннннннннннннннннннннннннннннннннннннннннннннннннннннннннннннннннннннннннннннннннн
    ннннннннннннннннннннннннннннннннннннннннннннннннннннннннннннннннннннннннннннннннннннннннннннннннннннннннннннннннннннннннннннннннннннннннннннннннннннннннннннннннннннннннннннннннннннннннннннннннннннннннннннннннннннннннннннннннннннннннннннннннннннннннннннннннннннннннннннннннннннннннннннннннннннннннннннннннннннннннннннннннннннннннннннннннннннннннннннннннннннннннннннннннннннннннннннннннннннннннннннннннннннннннннннннннннннннннннннннннннннннннннннннннннннннннннннннннннннннннннннннннннннннннннннннннннннннннignment" 300=000k
    JavaSup: -pipe 496 508 160 67070
    JavaSup: JVM Option: "-Djava.class.path=.;C:\Program Files\Ready to Program\Support\Ready Classes;C:\Program Files\Ready to Program\Support\Classes;C:\Program Files\Ready to Program\Support\Ready Classes\tools.jar;"
    JavaSup: JVM Option: "-Djava.library.path=C:\Program Files\Ready to Program\Support\Bin"
    JavaSup: JVM Option: "-enableassertions"
    JavaSup: JVM Option: "-Xdebug"
    JavaSup: JVM Option: "-Xrunjdwp:transport=dt_shmem,address=readyshmem,server=y,suspend=n"
  CMD: WM_ACTIVATE (W)
  CMD: WM_ACTIVATE (W)
  CMD: WM_CLOSE (W)
  CMD: WM_ACTIVATE (W)
  CMD: WM_ACTIVATE (W)
  CMD: WM_ACTIVATE (W)
  CMD: WM_DESTROY (W)
  CMD: WM_DESTROY (D)


Registers
  EAX=00000001  EBX=7FFD8000  ECX=00615890  EDX=00000046  ESI=0012E6A8
  EDI=0012FEF8  EBP=0012E658  ESP=0012E648  EIP=00525D48  FLG=00000246
  CS=001B  DS=0023  SS=0023  ES=0023  FS=003B  GS=0000

List of Modules: 
    C:\Program Files\Ready to Program\Ready.exe
    C:\Windows\SYSTEM32\ntdll.dll
    C:\Windows\system32\kernel32.dll
    C:\Windows\system32\KERNELBASE.dll
    C:\Windows\system32\USER32.dll
    C:\Windows\system32\GDI32.dll
    C:\Windows\system32\LPK.dll
    C:\Windows\system32\USP10.dll
    C:\Windows\system32\msvcrt.dll
    C:\Windows\system32\comdlg32.dll
    C:\Windows\system32\SHLWAPI.dll
    C:\Windows\WinSxS\x86_microsoft.windows.common-controls_6595b64144ccf1df_5.82.7601.17514_none_ec83dffa859149af\COMCTL32.dll
    C:\Windows\system32\ADVAPI32.dll
    C:\Windows\SYSTEM32\sechost.dll
    C:\Windows\system32\RPCRT4.dll
    C:\Windows\system32\SHELL32.dll
    C:\Windows\system32\VERSION.dll
    C:\Windows\system32\WINMM.dll
    C:\Windows\system32\IMM32.DLL
    C:\Windows\system32\MSCTF.dll
    C:\Windows\system32\uxtheme.dll
    C:\Program Files\Ready to Program\Support\Bin\edjdll.dll
    C:\Program Files\Ready to Program\Support\jre142_01\bin\client\jvm.dll
    C:\Windows\system32\apphelp.dll
    C:\Program Files\Ready to Program\Support\jre142_01\bin\hpi.dll
    C:\Windows\system32\ole32.dll
    C:\Windows\system32\CRYPTBASE.dll
    C:\Windows\system32\CLBCatQ.DLL
    C:\Windows\system32\OLEAUT32.dll
    C:\Program Files\Ready to Program\Support\jre142_01\bin\verify.dll
    C:\Program Files\Ready to Program\Support\jre142_01\bin\java.dll
    C:\Program Files\Ready to Program\Support\jre142_01\bin\zip.dll
    C:\Windows\system32\dwmapi.dll
    C:\Windows\WinSxS\x86_microsoft.windows.common-controls_6595b64144ccf1df_6.0.7601.17514_none_41e6975e2bd6f2b2\comctl32.DLL
    C:\Program Files\Ready to Program\Support\jre142_01\bin\dt_shmem.dll
    C:\Program Files\Ready to Program\Support\jre142_01\bin\net.dll
    C:\Windows\system32\WS2_32.dll
    C:\Windows\system32\NSI.dll
    C:\Windows\system32\NLAapi.dll
    C:\Windows\system32\napinsp.dll
    C:\Windows\system32\pnrpnsp.dll
    C:\Windows\System32\mswsock.dll
    C:\Windows\system32\DNSAPI.dll
    C:\Windows\System32\winrnr.dll
    C:\Program Files\Bonjour\mdnsNSP.dll
    C:\Windows\system32\Iphlpapi.DLL
    C:\Windows\system32\WINNSI.DLL
    C:\Program Files\Common Files\Microsoft Shared\Windows Live\WLIDNSP.DLL
    C:\Windows\system32\PSAPI.DLL
    C:\Windows\System32\fwpuclnt.dll
    C:\Windows\system32\rasadhlp.dll
    C:\Windows\system32\dbghelp.dll

  0 .V PC=001b:00525d48 Ret=00525c51 Frame=0012e658 Stack=0012e648
    Parameters (0x016b8160 0x00000001 0x0012fef8 0x0012e6a8)
    dbgheap.c, _free_dbg_lk (), Line 1044+0048 byte(s)
  1 .V PC=001b:00525c51 Ret=00414d57 Frame=0012e68c Stack=0012e660
    Parameters (0x016b8160 0x00000001 0x0000000e 0x0012fef8)
    dbgheap.c, _free_dbg (), Line 1001+0013 byte(s)
  2 .V PC=001b:00414d57 Ret=0040172b Frame=0012e6a0 Stack=0012e694
    Parameters (0x00000000 0x00000000 0xcccccccc 0xcccccccc)
    src\edfail.c, EdFail_Finalize (), Line 0157+0018 byte(s)
  3 .V PC=001b:0040172b Ret=0052cc26 Frame=0012fef8 Stack=0012e6a8
    Parameters (0x00400000 0x00000000 0x00212196 0x00000001)
    src\ed.c, WinMain (), Line 0486+0000 byte(s)
  4 .V PC=001b:0052cc26 Ret=7618ed6c Frame=0012ff88 Stack=0012ff00
    Parameters (0x7ffd8000 0x0012ffd4 0x7753377b 0x7ffd8000)
    crt0.c, WinMainCRTStartup (), Line 0198+0054 byte(s)
  5 .V PC=001b:7618ed6c Ret=7753377b Frame=0012ff94 Stack=0012ff90
    Parameters (0x7ffd8000 0x70a95545 0x00000000 0x00000000)
    Unknown module, BaseThreadInitThunk() + 0018 byte(s)
  6 .V PC=001b:7753377b Ret=7753374e Frame=0012ffd4 Stack=0012ff9c
    Parameters (0x0052cb00 0x7ffd8000 0x00000000 0x00000000)
    Unknown module, RtlInitializeExceptionChain() + 0239 byte(s)
  7 .V PC=001b:7753374e Ret=00000000 Frame=0012ffec Stack=0012ffdc
    Parameters (0x0052cb00 0x7ffd8000 0x00000000 0x78746341)
    Unknown module, RtlInitializeExceptionChain() + 0194 byte(s)

------------------------------------------------------
